<?xml version="1.0" encoding="UTF-8"?>
<testng-results ignored="0" total="3" passed="3" failed="0" skipped="0">
  <reporter-output>
  </reporter-output>
  <suite started-at="2022-03-15T13:25:04 IST" name="Default suite" finished-at="2022-03-15T13:25:04 IST" duration-ms="60">
    <groups>
    </groups>
    <test started-at="2022-03-15T13:25:04 IST" name="Default test" finished-at="2022-03-15T13:25:04 IST" duration-ms="60">
      <class name="com.com.testng.Loginpage">
        <test-method signature="Tc2()[pri:1, instance:com.com.testng.Loginpage@55f616cf]" started-at="2022-03-15T13:25:04 IST" name="Tc2" description="verify password" finished-at="2022-03-15T13:25:04 IST" duration-ms="14" status="PASS">
          <reporter-output>
          </reporter-output>
        </test-method> <!-- Tc2 -->
        <test-method signature="Tc1()[pri:2, instance:com.com.testng.Loginpage@55f616cf]" started-at="2022-03-15T13:25:04 IST" name="Tc1" description="verify the username" finished-at="2022-03-15T13:25:04 IST" duration-ms="1" status="PASS">
          <reporter-output>
          </reporter-output>
        </test-method> <!-- Tc1 -->
        <test-method signature="Tc3()[pri:2, instance:com.com.testng.Loginpage@55f616cf]" started-at="2022-03-15T13:25:04 IST" name="Tc3" finished-at="2022-03-15T13:25:04 IST" duration-ms="1" status="PASS">
          <reporter-output>
          </reporter-output>
        </test-method> <!-- Tc3 -->
      </class> <!-- com.com.testng.Loginpage -->
    </test> <!-- Default test -->
  </suite> <!-- Default suite -->
</testng-results>
