<?xml version="1.0" encoding="UTF-8"?>
<!-- Generated by org.testng.reporters.JUnitXMLReporter -->
<testsuite ignored="0" hostname="DESKTOP-PA3L87R" failures="0" tests="3" name="Default test" time="0.06" errors="0" timestamp="2022-03-15T13:25:04 IST">
  <testcase classname="com.com.testng.Loginpage" name="Tc2" time="0.014"/>
  <testcase classname="com.com.testng.Loginpage" name="Tc1" time="0.001"/>
  <testcase classname="com.com.testng.Loginpage" name="Tc3" time="0.001"/>
</testsuite> <!-- Default test -->
