<?xml version="1.0" encoding="UTF-8"?>
<!-- Generated by org.testng.reporters.JUnitXMLReporter -->
<testsuite ignored="1" hostname="DESKTOP-PA3L87R" failures="0" tests="2" name="Test" time="0.04" errors="0" timestamp="2022-03-15T12:44:54 IST">
  <testcase classname="com.com.testng.Loginpage" name="Tc1" time="0.007"/>
  <testcase classname="com.com.testng.Loginpage" name="Tc2" time="0.001"/>
  <testcase classname="com.com.testng.Loginpage" name="Tc3" time="0.0">
    <ignored/>
  </testcase> <!-- Tc3 -->
</testsuite> <!-- Test -->
